<?xml version="1.0" encoding="UTF-8"?>
<!-- Generated by org.testng.reporters.JUnitReportReporter -->
<testsuite skipped="3" hostname="Laptop" name="Xamplify_TNG.PartnerLogin" tests="4" failures="0" timestamp="17 Dec 2018 05:25:15 GMT" time="33.466" errors="0">
  <testcase name="partner_login" time="33.466" classname="Xamplify_TNG.PartnerLogin"/>
  <testcase name="partner_campaigns" classname="Xamplify_TNG.PartnerLogin">
    <skipped/>
  </testcase> <!-- partner_campaigns -->
  <testcase name="redistribute" classname="Xamplify_TNG.PartnerLogin">
    <skipped/>
  </testcase> <!-- redistribute -->
  <testcase name="auto_email" classname="Xamplify_TNG.PartnerLogin">
    <skipped/>
  </testcase> <!-- auto_email -->
</testsuite> <!-- Xamplify_TNG.PartnerLogin -->
