<?xml version="1.0" encoding="UTF-8"?>
<!-- Generated by org.testng.reporters.JUnitReportReporter -->
<testsuite skipped="3" hostname="LAPTOP" name="Xamplify_TNG.Login_Social" tests="5" failures="0" timestamp="04 Apr 2019 09:37:55 GMT" time="16.209" errors="0">
  <testcase name="homePage" time="7.307" classname="Xamplify_TNG.Login_Social"/>
  <testcase name="general_login" time="8.902" classname="Xamplify_TNG.Login_Social"/>
  <testcase name="facebook" classname="Xamplify_TNG.Login_Social">
    <skipped/>
  </testcase> <!-- facebook -->
  <testcase name="twitter" classname="Xamplify_TNG.Login_Social">
    <skipped/>
  </testcase> <!-- twitter -->
  <testcase name="Linkedin" classname="Xamplify_TNG.Login_Social">
    <skipped/>
  </testcase> <!-- Linkedin -->
</testsuite> <!-- Xamplify_TNG.Login_Social -->
